TN:
SF:/home/zommiommy/Github/webgraph-rs/benchmarks/target/release/build/anyhow-2ce1cd5b72216d2d/out/probe.rs
FNF:0
DA:21,0
DA:22,0
LF:2
LH:0
end_of_record
TN:
SF:/home/zommiommy/Github/webgraph-rs/benchmarks/target/release/build/anyhow-6a668c000b25ab94/out/probe.rs
FNF:0
DA:21,0
DA:22,0
LF:2
LH:0
end_of_record
TN:
SF:/home/zommiommy/Github/webgraph-rs/benchmarks/target/release/build/thiserror-c9fd90974c8ac520/out/probe.rs
FNF:0
DA:6,0
DA:7,0
LF:2
LH:0
end_of_record
TN:
SF:/home/zommiommy/Github/webgraph-rs/benchmarks/target/release/build/thiserror-f962f18b938c031e/out/probe.rs
FNF:0
DA:6,0
DA:7,0
LF:2
LH:0
end_of_record
TN:
SF:/home/zommiommy/Github/webgraph-rs/benchmarks/target/release/build/webgraph-a6a71fc135bae862/out/delta_tables.rs
FNF:0
DA:18,0
DA:19,0
DA:20,0
DA:21,0
DA:22,0
DA:23,0
DA:24,0
DA:27,0
DA:37,0
DA:38,0
DA:39,0
DA:40,0
DA:41,0
DA:42,0
DA:43,0
DA:46,0
LF:16
LH:0
end_of_record
TN:
SF:/home/zommiommy/Github/webgraph-rs/benchmarks/target/release/build/webgraph-a6a71fc135bae862/out/gamma_tables.rs
FNF:0
DA:18,0
DA:19,0
DA:20,0
DA:21,0
DA:22,0
DA:23,0
DA:24,0
DA:27,0
DA:37,0
DA:38,0
DA:39,0
DA:40,0
DA:41,0
DA:42,0
DA:43,0
DA:46,0
LF:16
LH:0
end_of_record
TN:
SF:/home/zommiommy/Github/webgraph-rs/benchmarks/target/release/build/webgraph-a6a71fc135bae862/out/unary_tables.rs
FNF:0
DA:18,0
DA:19,0
DA:20,0
DA:21,0
DA:22,0
DA:23,0
DA:24,0
DA:27,0
DA:37,0
DA:38,0
DA:39,0
DA:40,0
DA:41,0
DA:42,0
DA:43,0
DA:46,0
LF:16
LH:0
end_of_record
TN:
SF:/home/zommiommy/Github/webgraph-rs/benchmarks/target/release/build/webgraph-a6a71fc135bae862/out/zeta_tables.rs
FNF:0
DA:18,0
DA:19,0
DA:20,0
DA:21,0
DA:22,0
DA:23,0
DA:24,0
DA:27,0
DA:37,0
DA:38,0
DA:39,0
DA:40,0
DA:41,0
DA:42,0
DA:43,0
DA:46,0
LF:16
LH:0
end_of_record
TN:
SF:/home/zommiommy/Github/webgraph-rs/benchmarks/target/release/build/webgraph-ed94dc99229c275e/out/delta_tables.rs
FNF:0
DA:18,0
DA:19,0
DA:20,0
DA:21,0
DA:22,0
DA:23,0
DA:24,0
DA:27,0
DA:37,0
DA:38,0
DA:39,0
DA:40,0
DA:42,0
DA:53,0
DA:54,0
DA:55,0
DA:56,0
DA:57,0
DA:58,0
DA:59,0
DA:62,0
DA:72,0
DA:73,0
DA:74,0
DA:75,0
DA:77,0
LF:26
LH:0
end_of_record
TN:
SF:/home/zommiommy/Github/webgraph-rs/benchmarks/target/release/build/webgraph-ed94dc99229c275e/out/gamma_tables.rs
FNF:0
DA:18,0
DA:19,0
DA:20,0
DA:21,0
DA:22,0
DA:23,0
DA:24,0
DA:27,0
DA:37,0
DA:38,0
DA:39,0
DA:40,0
DA:42,0
DA:53,0
DA:54,0
DA:55,0
DA:56,0
DA:57,0
DA:58,0
DA:59,0
DA:62,0
DA:72,0
DA:73,0
DA:74,0
DA:75,0
DA:77,0
LF:26
LH:0
end_of_record
TN:
SF:/home/zommiommy/Github/webgraph-rs/benchmarks/target/release/build/webgraph-ed94dc99229c275e/out/unary_tables.rs
FNF:0
DA:18,0
DA:19,0
DA:20,0
DA:21,0
DA:22,0
DA:23,0
DA:24,0
DA:27,0
DA:37,0
DA:38,0
DA:39,0
DA:40,0
DA:42,0
DA:53,0
DA:54,0
DA:55,0
DA:56,0
DA:57,0
DA:58,0
DA:59,0
DA:62,0
DA:72,0
DA:73,0
DA:74,0
DA:75,0
DA:77,0
LF:26
LH:0
end_of_record
TN:
SF:/home/zommiommy/Github/webgraph-rs/benchmarks/target/release/build/webgraph-ed94dc99229c275e/out/zeta_tables.rs
FNF:0
DA:18,0
DA:19,0
DA:20,0
DA:21,0
DA:22,0
DA:23,0
DA:24,0
DA:27,0
DA:37,0
DA:38,0
DA:39,0
DA:40,0
DA:42,0
DA:53,0
DA:54,0
DA:55,0
DA:56,0
DA:57,0
DA:58,0
DA:59,0
DA:62,0
DA:72,0
DA:73,0
DA:74,0
DA:75,0
DA:77,0
LF:26
LH:0
end_of_record
TN:
SF:/home/zommiommy/Github/webgraph-rs/delta_tables.rs
FNF:0
DA:18,0
DA:19,0
DA:20,0
DA:21,0
DA:22,0
DA:23,0
DA:24,0
DA:27,0
DA:37,0
DA:38,0
DA:39,0
DA:40,0
DA:41,0
DA:42,0
DA:43,0
DA:46,0
LF:16
LH:0
end_of_record
TN:
SF:/home/zommiommy/Github/webgraph-rs/fuzz/target/x86_64-unknown-linux-gnu/release/build/anyhow-3b3124990651c981/out/probe.rs
FNF:0
DA:21,0
DA:22,0
LF:2
LH:0
end_of_record
TN:
SF:/home/zommiommy/Github/webgraph-rs/fuzz/target/x86_64-unknown-linux-gnu/release/build/thiserror-05f645ebcb847245/out/probe.rs
FNF:0
DA:6,0
DA:7,0
LF:2
LH:0
end_of_record
TN:
SF:/home/zommiommy/Github/webgraph-rs/gamma_tables.rs
FNF:0
DA:18,0
DA:19,0
DA:20,0
DA:21,0
DA:22,0
DA:23,0
DA:24,0
DA:27,0
DA:37,0
DA:38,0
DA:39,0
DA:40,0
DA:41,0
DA:42,0
DA:43,0
DA:46,0
LF:16
LH:0
end_of_record
TN:
SF:/home/zommiommy/Github/webgraph-rs/src/bin/ascii_convert.rs
FN:12,main
FN:31,{closure#0}
FNF:2
FNDA:0,main
FNDA:0,{closure#0}
DA:12,0
DA:13,0
DA:15,0
DA:17,0
DA:21,0
DA:22,0
DA:23,0
DA:24,0
DA:26,0
DA:27,0
DA:30,0
DA:31,0
DA:37,0
DA:39,0
LF:14
LH:0
end_of_record
TN:
SF:/home/zommiommy/Github/webgraph-rs/src/bin/bench_webgraph.rs
FN:39,main
FN:51,{closure#0}
FN:88,{closure#1}
FNF:3
FNDA:0,main
FNDA:0,{closure#0}
FNDA:0,{closure#1}
DA:39,0
DA:40,0
DA:42,0
DA:44,0
DA:48,0
DA:50,0
DA:51,0
DA:54,0
DA:59,0
DA:60,0
DA:61,0
DA:63,0
DA:64,0
DA:66,0
DA:68,0
DA:70,0
DA:71,0
DA:72,0
DA:73,0
DA:74,0
DA:76,0
DA:78,0
DA:81,0
DA:83,0
DA:85,0
DA:86,0
DA:87,0
DA:88,0
DA:91,0
DA:92,0
DA:93,0
DA:94,0
DA:96,0
DA:98,0
DA:101,0
DA:104,0
DA:107,0
DA:110,0
DA:111,0
DA:112,0
DA:114,0
DA:115,0
DA:116,0
DA:117,0
DA:118,0
DA:120,0
DA:121,0
DA:124,0
DA:125,0
DA:126,0
DA:131,0
DA:133,0
DA:134,0
DA:136,0
DA:139,0
LF:55
LH:0
end_of_record
TN:
SF:/home/zommiommy/Github/webgraph-rs/src/bin/build_eliasfano.rs
FN:17,main
FNF:1
FNDA:0,main
DA:17,0
DA:18,0
DA:20,0
DA:22,0
DA:26,0
DA:27,0
DA:28,0
DA:30,0
DA:31,0
DA:33,0
DA:35,0
DA:38,0
DA:39,0
DA:41,0
DA:42,0
DA:43,0
DA:46,0
DA:47,0
DA:48,0
DA:50,0
DA:53,0
DA:55,0
DA:56,0
DA:58,0
DA:59,0
DA:61,0
DA:64,0
DA:65,0
DA:66,0
DA:70,0
DA:72,0
DA:74,0
DA:76,0
DA:79,0
DA:81,0
DA:82,0
DA:83,0
DA:84,0
LF:38
LH:0
end_of_record
TN:
SF:/home/zommiommy/Github/webgraph-rs/src/bin/build_offsets.rs
FN:15,main
FN:26,{closure#0}
FNF:2
FNDA:0,main
FNDA:0,{closure#0}
DA:15,0
DA:16,0
DA:18,0
DA:20,0
DA:25,0
DA:26,0
DA:29,0
DA:31,0
DA:32,0
DA:35,0
DA:36,0
DA:37,0
DA:38,0
DA:40,0
DA:42,0
DA:44,0
DA:45,0
DA:47,0
DA:50,0
DA:52,0
DA:53,0
LF:21
LH:0
end_of_record
TN:
SF:/home/zommiommy/Github/webgraph-rs/src/bin/llp.rs
FN:67,ceil_log2
FN:75,main
FN:90,{closure#0}
FN:101,{closure#1}
FN:114,{closure#2}
FN:116,{closure#0}
FN:146,{closure#0}
FN:211,{closure#3}
FN:218,{closure#4}
FN:226,{closure#0}
FNF:10
FNDA:0,ceil_log2
FNDA:0,main
FNDA:0,{closure#0}
FNDA:0,{closure#1}
FNDA:0,{closure#2}
FNDA:0,{closure#0}
FNDA:0,{closure#0}
FNDA:0,{closure#3}
FNDA:0,{closure#4}
FNDA:0,{closure#0}
DA:32,0
DA:33,0
DA:34,0
DA:35,0
DA:36,0
DA:37,0
DA:40,0
DA:41,0
DA:45,0
DA:46,0
DA:47,0
DA:48,0
DA:51,0
DA:52,0
DA:55,0
DA:56,0
DA:59,0
DA:60,0
DA:67,0
DA:68,0
DA:69,0
DA:71,0
DA:75,0
DA:76,0
DA:78,0
DA:80,0
DA:84,0
DA:85,0
DA:86,0
DA:87,0
DA:89,0
DA:90,0
DA:92,0
DA:93,0
DA:94,0
DA:95,0
DA:97,0
DA:99,0
DA:100,0
DA:101,0
DA:102,0
DA:103,0
DA:104,0
DA:105,0
DA:106,0
DA:107,0
DA:109,0
DA:110,0
DA:111,0
DA:114,0
DA:115,0
DA:116,0
DA:117,0
DA:118,0
DA:120,0
DA:121,0
DA:122,0
DA:123,0
DA:126,0
DA:127,0
DA:128,0
DA:132,0
DA:134,0
DA:136,0
DA:140,0
DA:142,0
DA:144,0
DA:145,0
DA:146,0
DA:152,0
DA:153,0
DA:154,0
DA:156,0
DA:157,0
DA:158,0
DA:160,0
DA:161,0
DA:164,0
DA:165,0
DA:166,0
DA:167,0
DA:170,0
DA:171,0
DA:175,0
DA:176,0
DA:177,0
DA:178,0
DA:179,0
DA:180,0
DA:183,0
DA:186,0
DA:188,0
DA:194,0
DA:195,0
DA:197,0
DA:198,0
DA:200,0
DA:201,0
DA:205,0
DA:207,0
DA:208,0
DA:210,0
DA:211,0
DA:215,0
DA:218,0
DA:219,0
DA:220,0
DA:221,0
DA:222,0
DA:223,0
DA:224,0
DA:226,0
DA:229,0
DA:233,0
LF:114
LH:0
end_of_record
TN:
SF:/home/zommiommy/Github/webgraph-rs/src/bin/optimize_codes.rs
FN:14,main
FN:24,{closure#0}
FN:101,normalize
FNF:3
FNDA:0,main
FNDA:0,{closure#0}
FNDA:0,normalize
DA:14,0
DA:15,0
DA:17,0
DA:19,0
DA:23,0
DA:24,0
DA:26,0
DA:27,0
DA:28,0
DA:29,0
DA:31,0
DA:35,0
DA:37,0
DA:38,0
DA:40,0
DA:66,0
DA:67,0
DA:68,0
DA:69,0
DA:70,0
DA:72,0
DA:73,0
DA:74,0
DA:75,0
DA:76,0
DA:77,0
DA:78,0
DA:79,0
DA:80,0
DA:83,0
DA:84,0
DA:85,0
DA:87,0
DA:88,0
DA:89,0
DA:91,0
DA:94,0
DA:96,0
DA:98,0
DA:101,0
DA:102,0
DA:103,0
DA:104,0
DA:105,0
DA:107,0
DA:108,0
DA:109,0
DA:111,0
DA:112,0
DA:113,0
DA:115,0
DA:116,0
DA:117,0
DA:119,0
LF:54
LH:0
end_of_record
TN:
SF:/home/zommiommy/Github/webgraph-rs/src/bin/perm.rs
FN:20,main
FN:56,{closure#0}
FNF:2
FNDA:0,main
FNDA:0,{closure#0}
DA:20,0
DA:21,0
DA:23,0
DA:25,0
DA:29,0
DA:30,0
DA:31,0
DA:32,0
DA:34,0
DA:35,0
DA:36,0
DA:38,0
DA:39,0
DA:43,0
DA:44,0
DA:45,0
DA:49,0
DA:52,0
DA:55,0
DA:56,0
DA:57,0
DA:61,0
DA:62,0
DA:63,0
DA:64,0
DA:65,0
DA:66,0
DA:67,0
DA:68,0
LF:29
LH:0
end_of_record
TN:
SF:/home/zommiommy/Github/webgraph-rs/src/bin/recompress.rs
FN:19,from
FN:72,main
FNF:2
FNDA:0,from
FNDA:0,main
DA:19,0
DA:20,0
DA:21,0
DA:22,0
DA:23,0
DA:72,0
DA:73,0
DA:75,0
DA:77,0
DA:82,0
DA:83,0
DA:84,0
DA:85,0
DA:86,0
DA:87,0
DA:88,0
DA:89,0
DA:92,0
DA:93,0
DA:95,0
DA:101,0
DA:102,0
DA:103,0
DA:104,0
DA:107,0
DA:108,0
DA:109,0
DA:110,0
DA:112,0
DA:113,0
DA:114,0
DA:117,0
DA:118,0
DA:119,0
LF:34
LH:0
end_of_record
TN:
SF:/home/zommiommy/Github/webgraph-rs/src/bin/transpose.rs
FN:22,main
FNF:1
FNDA:0,main
DA:22,0
DA:23,0
DA:25,0
DA:27,0
DA:31,0
DA:32,0
DA:34,0
DA:35,0
DA:36,0
DA:37,0
DA:39,0
DA:40,0
DA:41,0
DA:43,0
DA:45,0
DA:46,0
DA:48,0
DA:50,0
DA:54,0
DA:55,0
DA:56,0
DA:60,0
DA:61,0
DA:62,0
DA:63,0
DA:64,0
DA:65,0
DA:66,0
DA:68,0
DA:69,0
DA:71,0
LF:31
LH:0
end_of_record
TN:
SF:/home/zommiommy/Github/webgraph-rs/src/bvgraph/bvgraph.rs
FN:23,default
FN:175,num_nodes<webgraph::bvgraph::code_reader_builder::DynamicCodesReaderBuilder<dsi_bitstream::traits::endianness::BigEndian, &[u32]>, sux::ranksel::elias_fano::EliasFano<sux::bitmap::BitMap<alloc::vec::Vec<u64, alloc::alloc::Global>>, sux::compact_array::CompactArray<alloc::vec::Vec<u64, alloc::alloc::Global>>>>
FN:221,num_arcs<webgraph::bvgraph::code_reader_builder::DynamicCodesReaderBuilder<dsi_bitstream::traits::endianness::BigEndian, &[u32]>, sux::ranksel::elias_fano::EliasFano<sux::bitmap::BitMap<alloc::vec::Vec<u64, alloc::alloc::Global>>, sux::compact_array::CompactArray<alloc::vec::Vec<u64, alloc::alloc::Global>>>>
FN:226,outdegree<webgraph::bvgraph::code_reader_builder::DynamicCodesReaderBuilder<dsi_bitstream::traits::endianness::BigEndian, &[u32]>, sux::ranksel::elias_fano::EliasFano<sux::bitmap::BitMap<alloc::vec::Vec<u64, alloc::alloc::Global>>, sux::compact_array::CompactArray<alloc::vec::Vec<u64, alloc::alloc::Global>>>>
FN:236,successors<webgraph::bvgraph::code_reader_builder::DynamicCodesReaderBuilder<dsi_bitstream::traits::endianness::BigEndian, &[u32]>, sux::ranksel::elias_fano::EliasFano<sux::bitmap::BitMap<alloc::vec::Vec<u64, alloc::alloc::Global>>, sux::compact_array::CompactArray<alloc::vec::Vec<u64, alloc::alloc::Global>>>>
FN:338,{closure#0}<webgraph::bvgraph::code_reader_builder::DynamicCodesReaderBuilder<dsi_bitstream::traits::endianness::BigEndian, &[u32]>, sux::ranksel::elias_fano::EliasFano<sux::bitmap::BitMap<alloc::vec::Vec<u64, alloc::alloc::Global>>, sux::compact_array::CompactArray<alloc::vec::Vec<u64, alloc::alloc::Global>>>>
FN:402,next<webgraph::bvgraph::dyn_bv_code_readers::DynamicCodesReader<dsi_bitstream::traits::endianness::BigEndian, dsi_bitstream::backends::buffered_bit_stream_reader::BufferedBitStreamRead<dsi_bitstream::traits::endianness::BigEndian, u64, dsi_bitstream::backends::word_stream::MemWordReadInfinite<u32, &[u32]>, dsi_bitstream::backends::codes_params::DefaultReadParams>>>
FN:425,{closure#0}<webgraph::bvgraph::dyn_bv_code_readers::DynamicCodesReader<dsi_bitstream::traits::endianness::BigEndian, dsi_bitstream::backends::buffered_bit_stream_reader::BufferedBitStreamRead<dsi_bitstream::traits::endianness::BigEndian, u64, dsi_bitstream::backends::word_stream::MemWordReadInfinite<u32, &[u32]>, dsi_bitstream::backends::codes_params::DefaultReadParams>>>
FNF:8
FNDA:6,default
FNDA:2,num_nodes<webgraph::bvgraph::code_reader_builder::DynamicCodesReaderBuilder<dsi_bitstream::traits::endianness::BigEndian, &[u32]>, sux::ranksel::elias_fano::EliasFano<sux::bitmap::BitMap<alloc::vec::Vec<u64, alloc::alloc::Global>>, sux::compact_array::CompactArray<alloc::vec::Vec<u64, alloc::alloc::Global>>>>
FNDA:1,num_arcs<webgraph::bvgraph::code_reader_builder::DynamicCodesReaderBuilder<dsi_bitstream::traits::endianness::BigEndian, &[u32]>, sux::ranksel::elias_fano::EliasFano<sux::bitmap::BitMap<alloc::vec::Vec<u64, alloc::alloc::Global>>, sux::compact_array::CompactArray<alloc::vec::Vec<u64, alloc::alloc::Global>>>>
FNDA:1,outdegree<webgraph::bvgraph::code_reader_builder::DynamicCodesReaderBuilder<dsi_bitstream::traits::endianness::BigEndian, &[u32]>, sux::ranksel::elias_fano::EliasFano<sux::bitmap::BitMap<alloc::vec::Vec<u64, alloc::alloc::Global>>, sux::compact_array::CompactArray<alloc::vec::Vec<u64, alloc::alloc::Global>>>>
FNDA:3,successors<webgraph::bvgraph::code_reader_builder::DynamicCodesReaderBuilder<dsi_bitstream::traits::endianness::BigEndian, &[u32]>, sux::ranksel::elias_fano::EliasFano<sux::bitmap::BitMap<alloc::vec::Vec<u64, alloc::alloc::Global>>, sux::compact_array::CompactArray<alloc::vec::Vec<u64, alloc::alloc::Global>>>>
FNDA:6,{closure#0}<webgraph::bvgraph::code_reader_builder::DynamicCodesReaderBuilder<dsi_bitstream::traits::endianness::BigEndian, &[u32]>, sux::ranksel::elias_fano::EliasFano<sux::bitmap::BitMap<alloc::vec::Vec<u64, alloc::alloc::Global>>, sux::compact_array::CompactArray<alloc::vec::Vec<u64, alloc::alloc::Global>>>>
FNDA:3,next<webgraph::bvgraph::dyn_bv_code_readers::DynamicCodesReader<dsi_bitstream::traits::endianness::BigEndian, dsi_bitstream::backends::buffered_bit_stream_reader::BufferedBitStreamRead<dsi_bitstream::traits::endianness::BigEndian, u64, dsi_bitstream::backends::word_stream::MemWordReadInfinite<u32, &[u32]>, dsi_bitstream::backends::codes_params::DefaultReadParams>>>
FNDA:6,{closure#0}<webgraph::bvgraph::dyn_bv_code_readers::DynamicCodesReader<dsi_bitstream::traits::endianness::BigEndian, dsi_bitstream::backends::buffered_bit_stream_reader::BufferedBitStreamRead<dsi_bitstream::traits::endianness::BigEndian, u64, dsi_bitstream::backends::word_stream::MemWordReadInfinite<u32, &[u32]>, dsi_bitstream::backends::codes_params::DefaultReadParams>>>
DA:23,6
DA:29,6
DA:38,0
DA:39,0
DA:40,0
DA:41,0
DA:42,0
DA:43,0
DA:44,0
DA:45,0
DA:49,6
DA:51,6
DA:52,6
DA:53,5
DA:54,0
DA:55,0
DA:56,0
DA:57,0
DA:60,0
DA:61,0
DA:62,0
DA:63,0
DA:64,0
DA:65,0
DA:66,0
DA:67,0
DA:72,6
DA:73,0
DA:74,0
DA:77,6
DA:78,0
DA:80,16
DA:81,10
DA:83,6
DA:111,3
DA:137,0
DA:138,0
DA:139,0
DA:140,0
DA:141,0
DA:142,0
DA:154,0
DA:155,0
DA:156,0
DA:157,0
DA:158,0
DA:159,0
DA:165,0
DA:166,0
DA:175,2
DA:176,2
DA:193,2
DA:196,2
DA:197,2
DA:198,2
DA:199,2
DA:221,1
DA:222,1
DA:226,1
DA:227,2
DA:228,0
DA:229,1
DA:231,0
DA:236,3
DA:237,6
DA:238,0
DA:239,3
DA:242,3
DA:243,3
DA:245,3
DA:246,3
DA:248,3
DA:249,3
DA:251,7
DA:252,3
DA:254,1
DA:257,6
DA:259,4
DA:261,7
DA:262,6
DA:264,3
DA:267,4
DA:268,7
DA:269,3
DA:271,2
DA:273,2
DA:274,2
DA:278,7
DA:279,3
DA:281,4
DA:285,6
DA:287,3
DA:288,3
DA:290,2
DA:291,2
DA:293,4
DA:294,4
DA:295,2
DA:296,2
DA:298,2
DA:299,2
DA:300,4
DA:302,6
DA:303,2
DA:304,2
DA:305,2
DA:307,2
DA:308,2
DA:309,4
DA:313,4
DA:318,6
DA:319,3
DA:320,3
DA:321,6
DA:325,8
DA:326,2
DA:327,2
DA:328,2
DA:329,4
DA:330,4
DA:335,6
DA:336,0
DA:337,0
DA:338,6
DA:339,0
DA:341,3
DA:377,0
DA:378,8
DA:384,3
DA:389,3
DA:402,3
DA:404,3
DA:405,3
DA:408,6
DA:409,6
DA:410,8
DA:411,3
DA:412,2
DA:417,3
DA:420,3
DA:421,3
DA:422,3
DA:423,0
DA:424,0
DA:425,6
DA:426,0
DA:427,3
DA:428,5
DA:429,10
DA:430,3
DA:432,4
DA:434,7
DA:437,2
DA:438,4
DA:439,0
DA:443,4
DA:444,2
DA:445,4
DA:446,4
DA:449,3
DA:461,0
DA:462,0
LF:162
LH:112
end_of_record
TN:
SF:/home/zommiommy/Github/webgraph-rs/src/bvgraph/bvgraph_sequential.rs
FN:242,next<webgraph::bvgraph::dyn_bv_code_readers::DynamicCodesReader<dsi_bitstream::traits::endianness::BigEndian, dsi_bitstream::backends::buffered_bit_stream_reader::BufferedBitStreamRead<dsi_bitstream::traits::endianness::BigEndian, u64, dsi_bitstream::backends::word_stream::MemWordReadInfinite<u32, &[u32]>, dsi_bitstream::backends::codes_params::DefaultReadParams>>>
FNF:1
FNDA:9,next<webgraph::bvgraph::dyn_bv_code_readers::DynamicCodesReader<dsi_bitstream::traits::endianness::BigEndian, dsi_bitstream::backends::buffered_bit_stream_reader::BufferedBitStreamRead<dsi_bitstream::traits::endianness::BigEndian, u64, dsi_bitstream::backends::word_stream::MemWordReadInfinite<u32, &[u32]>, dsi_bitstream::backends::codes_params::DefaultReadParams>>>
DA:24,0
DA:25,0
DA:29,0
DA:31,6
DA:32,6
DA:33,6
DA:34,6
DA:41,0
DA:42,2
DA:47,5
DA:71,0
DA:72,0
DA:73,0
DA:74,0
DA:75,0
DA:81,0
DA:82,0
DA:91,0
DA:93,0
DA:94,0
DA:95,0
DA:96,0
DA:113,0
DA:114,3
DA:119,9
DA:127,9
DA:135,0
DA:136,0
DA:137,0
DA:138,0
DA:139,0
DA:143,0
DA:144,9
DA:147,9
DA:148,6
DA:152,18
DA:155,11
DA:156,9
DA:158,2
DA:161,9
DA:163,6
DA:165,7
DA:168,7
DA:170,6
DA:171,7
DA:175,5
DA:176,5
DA:179,15
DA:180,5
DA:181,10
DA:182,5
DA:183,5
DA:185,5
DA:187,5
DA:188,5
DA:194,18
DA:195,15
DA:197,9
DA:198,9
DA:200,5
DA:201,5
DA:202,5
DA:203,10
DA:205,10
DA:206,10
DA:208,15
DA:209,10
DA:210,5
DA:211,10
DA:213,10
DA:215,10
DA:221,18
DA:222,9
DA:224,9
DA:225,9
DA:226,9
DA:228,18
DA:229,10
DA:230,9
DA:234,9
DA:235,9
DA:242,9
DA:243,9
DA:244,9
DA:245,3
DA:247,9
DA:248,9
DA:253,9
DA:264,1
DA:265,0
LF:90
LH:66
end_of_record
TN:
SF:/home/zommiommy/Github/webgraph-rs/src/bvgraph/bvgraph_writer.rs
FN:368,{closure#0}<webgraph::bvgraph::dyn_bv_code_readers::DynamicCodesWriter<dsi_bitstream::traits::endianness::BigEndian, dsi_bitstream::backends::buffered_bit_stream_writer::BufferedBitStreamWrite<dsi_bitstream::traits::endianness::BigEndian, dsi_bitstream::backends::word_stream::MemWordWriteVec<u64, &mut alloc::vec::Vec<u64, alloc::alloc::Global>>, dsi_bitstream::backends::codes_params::DefaultWriteParams>>, webgraph::traits::graph::SequentialGraphImplIter<webgraph::bvgraph::vec_graph::VecGraph>, alloc::collections::btree::set::IntoIter<usize, alloc::alloc::Global>>
FNF:1
FNDA:15,{closure#0}<webgraph::bvgraph::dyn_bv_code_readers::DynamicCodesWriter<dsi_bitstream::traits::endianness::BigEndian, dsi_bitstream::backends::buffered_bit_stream_writer::BufferedBitStreamWrite<dsi_bitstream::traits::endianness::BigEndian, dsi_bitstream::backends::word_stream::MemWordWriteVec<u64, &mut alloc::vec::Vec<u64, alloc::alloc::Global>>, dsi_bitstream::backends::codes_params::DefaultWriteParams>>, webgraph::traits::graph::SequentialGraphImplIter<webgraph::bvgraph::vec_graph::VecGraph>, alloc::collections::btree::set::IntoIter<usize, alloc::alloc::Global>>
DA:33,3
DA:36,5
DA:37,3
DA:38,5
DA:39,4
DA:40,5
DA:46,5
DA:53,7
DA:54,14
DA:55,7
DA:56,7
DA:57,8
DA:58,8
DA:59,14
DA:60,8
DA:61,12
DA:62,12
DA:69,13
DA:70,10
DA:72,5
DA:73,9
DA:74,3
DA:76,6
DA:77,3
DA:78,6
DA:80,9
DA:81,6
DA:82,9
DA:83,6
DA:84,3
DA:85,6
DA:90,6
DA:91,13
DA:92,6
DA:94,22
DA:95,16
DA:96,8
DA:100,7
DA:104,0
DA:105,5
DA:106,4
DA:107,5
DA:108,4
DA:109,5
DA:110,5
DA:114,4
DA:121,5
DA:123,5
DA:124,5
DA:125,4
DA:127,2
DA:130,2
DA:131,2
DA:132,2
DA:134,4
DA:138,8
DA:139,4
DA:142,2
DA:143,2
DA:144,2
DA:146,6
DA:147,2
DA:148,2
DA:149,1
DA:150,3
DA:151,2
DA:153,2
DA:156,2
DA:157,1
DA:158,1
DA:159,1
DA:162,2
DA:163,2
DA:166,5
DA:170,4
DA:172,4
DA:174,4
DA:176,4
DA:178,4
DA:180,4
DA:182,4
DA:183,8
DA:184,2
DA:187,2
DA:188,2
DA:189,2
DA:191,2
DA:195,5
DA:196,5
DA:198,5
DA:202,9
DA:203,9
DA:204,9
DA:209,4
DA:210,2
DA:213,4
DA:214,4
DA:216,2
DA:219,4
DA:220,4
DA:222,2
DA:225,2
DA:226,2
DA:227,2
DA:235,5
DA:236,3
DA:240,4
DA:241,4
DA:242,4
DA:245,4
DA:246,2
DA:255,5
DA:262,5
DA:263,5
DA:264,5
DA:270,10
DA:276,5
DA:280,10
DA:281,5
DA:282,5
DA:285,5
DA:287,5
DA:289,5
DA:291,5
DA:292,4
DA:293,2
DA:294,2
DA:295,2
DA:296,2
DA:299,4
DA:300,2
DA:304,4
DA:306,8
DA:307,1
DA:308,4
DA:309,4
DA:310,4
DA:312,4
DA:314,8
DA:316,12
DA:317,8
DA:319,8
DA:320,4
DA:321,0
DA:324,4
DA:326,4
DA:327,0
DA:330,4
DA:332,9
DA:334,8
DA:335,1
DA:336,4
DA:337,4
DA:338,4
DA:342,9
DA:343,4
DA:344,5
DA:345,4
DA:349,8
DA:350,4
DA:351,4
DA:352,4
DA:353,4
DA:354,4
DA:356,8
DA:358,8
DA:360,8
DA:361,4
DA:364,5
DA:368,15
DA:371,3
DA:372,3
LF:172
LH:169
end_of_record
TN:
SF:/home/zommiommy/Github/webgraph-rs/src/bvgraph/circular_buffer.rs
FN:49,index
FN:59,index
FN:79,{closure#0}<usize>
FN:88,index<usize>
FN:96,index_mut<usize>
FNF:5
FNDA:7,index
FNDA:0,index
FNDA:15,{closure#0}<usize>
FNDA:3,index<usize>
FNDA:3,index_mut<usize>
DA:13,7
DA:16,7
DA:24,7
DA:25,7
DA:29,7
DA:30,7
DA:31,7
DA:32,7
DA:33,7
DA:37,7
DA:38,14
DA:39,14
DA:40,7
DA:41,7
DA:49,7
DA:50,7
DA:51,7
DA:59,0
DA:61,0
DA:62,0
DA:77,5
DA:79,15
DA:88,3
DA:89,3
DA:90,3
DA:96,3
DA:97,3
DA:98,3
DA:106,0
DA:107,0
DA:108,0
DA:114,0
DA:115,0
DA:116,0
LF:34
LH:25
end_of_record
TN:
SF:/home/zommiommy/Github/webgraph-rs/src/bvgraph/code_reader_builder.rs
FN:23,{closure#0}<dsi_bitstream::traits::endianness::BigEndian, &[u32]>
FN:24,{closure#0}<dsi_bitstream::traits::endianness::BigEndian, webgraph::utils::MmapBackend<u32>>
FN:25,{closure#0}<dsi_bitstream::traits::endianness::BigEndian, webgraph::utils::MmapBackend<u32>>
FN:26,{closure#0}<dsi_bitstream::traits::endianness::BigEndian, webgraph::utils::MmapBackend<u32>>
FN:27,{closure#0}<dsi_bitstream::traits::endianness::BigEndian, webgraph::utils::MmapBackend<u32>>
FN:28,{closure#0}<dsi_bitstream::traits::endianness::BigEndian, webgraph::utils::MmapBackend<u32>>
FN:29,{closure#0}<dsi_bitstream::traits::endianness::BigEndian, webgraph::utils::MmapBackend<u32>>
FN:30,{closure#0}<dsi_bitstream::traits::endianness::BigEndian, &[u32]>
FN:31,{closure#0}<dsi_bitstream::traits::endianness::BigEndian, webgraph::utils::MmapBackend<u32>>
FN:86,get_reader<dsi_bitstream::traits::endianness::BigEndian, &[u32]>
FN:135,{closure#0}<dsi_bitstream::traits::endianness::BigEndian, webgraph::utils::MmapBackend<u32>>
FN:136,{closure#0}<dsi_bitstream::traits::endianness::BigEndian, webgraph::utils::MmapBackend<u32>>
FN:137,{closure#0}<dsi_bitstream::traits::endianness::BigEndian, webgraph::utils::MmapBackend<u32>>
FN:138,{closure#0}<dsi_bitstream::traits::endianness::BigEndian, webgraph::utils::MmapBackend<u32>>
FN:139,{closure#0}<dsi_bitstream::traits::endianness::BigEndian, webgraph::utils::MmapBackend<u32>>
FN:140,{closure#0}<dsi_bitstream::traits::endianness::BigEndian, webgraph::utils::MmapBackend<u32>>
FN:141,{closure#0}<dsi_bitstream::traits::endianness::BigEndian, webgraph::utils::MmapBackend<u32>>
FN:142,{closure#0}<dsi_bitstream::traits::endianness::BigEndian, webgraph::utils::MmapBackend<u32>>
FN:143,{closure#0}<dsi_bitstream::traits::endianness::BigEndian, webgraph::utils::MmapBackend<u32>>
FN:147,{closure#0}<dsi_bitstream::traits::endianness::BigEndian, webgraph::utils::MmapBackend<u32>>
FN:149,{closure#0}<dsi_bitstream::traits::endianness::BigEndian, webgraph::utils::MmapBackend<u32>>
FN:151,{closure#0}<dsi_bitstream::traits::endianness::BigEndian, webgraph::utils::MmapBackend<u32>>
FN:153,{closure#0}<dsi_bitstream::traits::endianness::BigEndian, webgraph::utils::MmapBackend<u32>>
FN:155,{closure#0}<dsi_bitstream::traits::endianness::BigEndian, webgraph::utils::MmapBackend<u32>>
FN:157,{closure#0}<dsi_bitstream::traits::endianness::BigEndian, webgraph::utils::MmapBackend<u32>>
FN:159,{closure#0}<dsi_bitstream::traits::endianness::BigEndian, webgraph::utils::MmapBackend<u32>>
FN:161,{closure#0}<dsi_bitstream::traits::endianness::BigEndian, webgraph::utils::MmapBackend<u32>>
FN:163,{closure#0}<dsi_bitstream::traits::endianness::BigEndian, webgraph::utils::MmapBackend<u32>>
FNF:28
FNDA:14,{closure#0}<dsi_bitstream::traits::endianness::BigEndian, &[u32]>
FNDA:14,{closure#0}<dsi_bitstream::traits::endianness::BigEndian, webgraph::utils::MmapBackend<u32>>
FNDA:2,{closure#0}<dsi_bitstream::traits::endianness::BigEndian, webgraph::utils::MmapBackend<u32>>
FNDA:0,{closure#0}<dsi_bitstream::traits::endianness::BigEndian, webgraph::utils::MmapBackend<u32>>
FNDA:14,{closure#0}<dsi_bitstream::traits::endianness::BigEndian, webgraph::utils::MmapBackend<u32>>
FNDA:0,{closure#0}<dsi_bitstream::traits::endianness::BigEndian, webgraph::utils::MmapBackend<u32>>
FNDA:0,{closure#0}<dsi_bitstream::traits::endianness::BigEndian, webgraph::utils::MmapBackend<u32>>
FNDA:0,{closure#0}<dsi_bitstream::traits::endianness::BigEndian, &[u32]>
FNDA:0,{closure#0}<dsi_bitstream::traits::endianness::BigEndian, webgraph::utils::MmapBackend<u32>>
FNDA:7,get_reader<dsi_bitstream::traits::endianness::BigEndian, &[u32]>
FNDA:0,{closure#0}<dsi_bitstream::traits::endianness::BigEndian, webgraph::utils::MmapBackend<u32>>
FNDA:0,{closure#0}<dsi_bitstream::traits::endianness::BigEndian, webgraph::utils::MmapBackend<u32>>
FNDA:0,{closure#0}<dsi_bitstream::traits::endianness::BigEndian, webgraph::utils::MmapBackend<u32>>
FNDA:0,{closure#0}<dsi_bitstream::traits::endianness::BigEndian, webgraph::utils::MmapBackend<u32>>
FNDA:0,{closure#0}<dsi_bitstream::traits::endianness::BigEndian, webgraph::utils::MmapBackend<u32>>
FNDA:0,{closure#0}<dsi_bitstream::traits::endianness::BigEndian, webgraph::utils::MmapBackend<u32>>
FNDA:0,{closure#0}<dsi_bitstream::traits::endianness::BigEndian, webgraph::utils::MmapBackend<u32>>
FNDA:0,{closure#0}<dsi_bitstream::traits::endianness::BigEndian, webgraph::utils::MmapBackend<u32>>
FNDA:0,{closure#0}<dsi_bitstream::traits::endianness::BigEndian, webgraph::utils::MmapBackend<u32>>
FNDA:0,{closure#0}<dsi_bitstream::traits::endianness::BigEndian, webgraph::utils::MmapBackend<u32>>
FNDA:0,{closure#0}<dsi_bitstream::traits::endianness::BigEndian, webgraph::utils::MmapBackend<u32>>
FNDA:0,{closure#0}<dsi_bitstream::traits::endianness::BigEndian, webgraph::utils::MmapBackend<u32>>
FNDA:0,{closure#0}<dsi_bitstream::traits::endianness::BigEndian, webgraph::utils::MmapBackend<u32>>
FNDA:0,{closure#0}<dsi_bitstream::traits::endianness::BigEndian, webgraph::utils::MmapBackend<u32>>
FNDA:0,{closure#0}<dsi_bitstream::traits::endianness::BigEndian, webgraph::utils::MmapBackend<u32>>
FNDA:0,{closure#0}<dsi_bitstream::traits::endianness::BigEndian, webgraph::utils::MmapBackend<u32>>
FNDA:0,{closure#0}<dsi_bitstream::traits::endianness::BigEndian, webgraph::utils::MmapBackend<u32>>
FNDA:0,{closure#0}<dsi_bitstream::traits::endianness::BigEndian, webgraph::utils::MmapBackend<u32>>
DA:23,14
DA:24,14
DA:25,2
DA:26,0
DA:27,14
DA:28,0
DA:29,0
DA:30,0
DA:31,0
DA:35,0
DA:36,0
DA:39,7
DA:40,0
DA:41,0
DA:42,0
DA:43,0
DA:44,0
DA:45,0
DA:46,0
DA:47,0
DA:48,0
DA:49,0
DA:50,0
DA:51,0
DA:52,0
DA:53,0
DA:54,0
DA:55,0
DA:61,7
DA:62,6
DA:63,8
DA:64,14
DA:65,8
DA:66,8
DA:67,8
DA:68,8
DA:69,8
DA:70,8
DA:71,8
DA:72,0
DA:73,7
DA:86,7
DA:87,7
DA:88,0
DA:89,14
DA:91,7
DA:92,7
DA:93,7
DA:94,7
DA:95,7
DA:96,7
DA:97,7
DA:98,7
DA:99,7
DA:100,7
DA:101,7
DA:102,7
DA:135,0
DA:136,0
DA:137,0
DA:138,0
DA:139,0
DA:140,0
DA:141,0
DA:142,0
DA:143,0
DA:147,0
DA:149,0
DA:151,0
DA:153,0
DA:155,0
DA:157,0
DA:159,0
DA:161,0
DA:163,0
DA:167,0
DA:168,0
DA:171,0
DA:172,0
DA:173,0
DA:174,0
DA:175,0
DA:176,0
DA:177,0
DA:178,0
DA:179,0
DA:180,0
DA:181,0
DA:182,0
DA:183,0
DA:184,0
DA:185,0
DA:186,0
DA:187,0
DA:193,0
DA:194,0
DA:195,0
DA:196,0
DA:197,0
DA:198,0
DA:199,0
DA:200,0
DA:201,0
DA:202,0
DA:203,0
DA:204,0
DA:205,0
DA:206,0
DA:207,0
DA:208,0
DA:214,0
DA:215,0
DA:217,0
DA:218,0
DA:219,0
DA:220,0
DA:221,0
DA:222,0
DA:223,0
DA:224,0
DA:225,0
DA:227,0
DA:228,0
DA:229,0
DA:230,0
DA:231,0
DA:232,0
DA:233,0
DA:234,0
DA:235,0
DA:237,0
DA:238,0
DA:252,0
DA:253,0
DA:254,0
DA:255,0
DA:256,0
DA:257,0
DA:258,0
DA:259,0
DA:260,0
DA:261,0
DA:262,0
DA:263,0
DA:264,0
DA:265,0
DA:266,0
DA:267,0
DA:268,0
DA:269,0
DA:270,0
DA:271,0
DA:272,0
DA:273,0
DA:274,0
DA:275,0
DA:276,0
DA:285,0
DA:286,0
DA:294,0
DA:295,0
DA:324,0
DA:325,0
DA:326,0
DA:328,0
DA:329,0
DA:331,0
DA:332,0
DA:334,0
DA:335,0
DA:337,0
DA:338,0
DA:340,0
DA:341,0
DA:342,0
DA:364,0
DA:365,0
DA:366,0
DA:367,0
DA:369,0
DA:370,0
DA:371,0
LF:182
LH:32
end_of_record
TN:
SF:/home/zommiommy/Github/webgraph-rs/src/bvgraph/code_readers.rs
FN:15,code_to_const
FNF:1
FNDA:1,code_to_const
DA:15,1
DA:16,2
DA:17,1
DA:18,1
DA:19,0
DA:20,1
DA:21,0
DA:53,0
DA:54,0
DA:57,0
DA:58,0
DA:73,2
DA:74,4
DA:75,0
DA:77,4
DA:78,0
DA:80,4
DA:81,0
DA:83,4
DA:84,0
DA:86,4
DA:87,0
DA:89,2
DA:90,2
DA:91,2
DA:137,0
DA:138,2
DA:142,0
DA:143,2
DA:147,0
DA:148,2
DA:151,0
DA:152,4
DA:156,0
DA:157,2
DA:160,0
DA:161,4
DA:164,0
DA:165,4
DA:169,0
DA:170,2
DA:173,0
DA:174,2
DA:191,0
DA:192,0
DA:196,0
DA:197,0
DA:201,0
DA:202,0
DA:205,0
DA:206,0
DA:210,0
DA:211,0
DA:214,0
DA:215,0
DA:218,0
DA:219,0
DA:223,0
DA:224,0
DA:227,0
DA:228,0
DA:260,0
DA:261,0
DA:264,0
DA:265,0
DA:280,4
DA:283,4
DA:315,4
DA:316,4
DA:320,0
DA:321,0
DA:325,0
DA:326,3
DA:330,0
DA:331,0
DA:334,0
DA:335,0
DA:339,0
DA:340,0
DA:343,0
DA:344,0
DA:347,0
DA:348,0
DA:352,0
DA:353,0
DA:356,0
DA:357,0
DA:360,2
DA:361,2
DA:387,4
DA:388,0
DA:415,0
DA:416,0
DA:420,0
DA:421,3
DA:425,0
DA:426,3
DA:430,0
DA:431,2
DA:434,0
DA:435,2
DA:439,0
DA:440,1
DA:443,0
DA:444,2
DA:447,0
DA:448,2
DA:452,0
DA:453,2
DA:456,0
DA:457,3
DA:460,0
DA:461,0
LF:113
LH:40
end_of_record
TN:
SF:/home/zommiommy/Github/webgraph-rs/src/bvgraph/codes_opt.rs
FNF:0
DA:28,0
DA:31,0
DA:36,0
DA:37,0
DA:46,0
DA:47,0
DA:60,0
DA:61,0
DA:62,0
DA:63,0
DA:78,0
DA:87,0
DA:88,0
DA:94,0
DA:95,0
DA:96,0
DA:97,0
DA:101,0
DA:102,0
DA:103,0
DA:104,0
DA:108,0
DA:109,0
DA:110,0
DA:111,0
DA:114,0
DA:115,0
DA:119,0
DA:120,0
DA:121,0
DA:122,0
DA:125,0
DA:126,0
DA:127,0
DA:128,0
DA:131,0
DA:132,0
DA:133,0
DA:134,0
DA:138,0
DA:139,0
DA:140,0
DA:141,0
DA:144,0
DA:145,0
DA:146,0
DA:147,0
DA:155,0
DA:156,0
DA:159,0
DA:160,0
DA:163,0
DA:164,0
DA:167,0
DA:168,0
DA:171,0
DA:172,0
DA:175,0
DA:176,0
DA:179,0
DA:180,0
DA:183,0
DA:184,0
DA:187,0
DA:188,0
LF:65
LH:0
end_of_record
TN:
SF:/home/zommiommy/Github/webgraph-rs/src/bvgraph/dyn_bv_code_readers.rs
FN:22,{closure#0}<dsi_bitstream::traits::endianness::BigEndian, dsi_bitstream::backends::buffered_bit_stream_reader::BufferedBitStreamRead<dsi_bitstream::traits::endianness::BigEndian, u64, dsi_bitstream::backends::word_stream::MemWordReadInfinite<u32, webgraph::utils::MmapBackend<u32>>, dsi_bitstream::backends::codes_params::DefaultReadParams>>
FN:23,{closure#0}<dsi_bitstream::traits::endianness::BigEndian, dsi_bitstream::backends::buffered_bit_stream_reader::BufferedBitStreamRead<dsi_bitstream::traits::endianness::BigEndian, u64, dsi_bitstream::backends::word_stream::MemWordReadInfinite<u32, webgraph::utils::MmapBackend<u32>>, dsi_bitstream::backends::codes_params::DefaultReadParams>>
FN:24,{closure#0}<dsi_bitstream::traits::endianness::BigEndian, dsi_bitstream::backends::buffered_bit_stream_reader::BufferedBitStreamRead<dsi_bitstream::traits::endianness::BigEndian, u64, dsi_bitstream::backends::word_stream::MemWordReadInfinite<u32, webgraph::utils::MmapBackend<u32>>, dsi_bitstream::backends::codes_params::DefaultReadParams>>
FN:25,{closure#0}<dsi_bitstream::traits::endianness::BigEndian, dsi_bitstream::backends::buffered_bit_stream_reader::BufferedBitStreamRead<dsi_bitstream::traits::endianness::BigEndian, u64, dsi_bitstream::backends::word_stream::MemWordReadInfinite<u32, webgraph::utils::MmapBackend<u32>>, dsi_bitstream::backends::codes_params::DefaultReadParams>>
FN:26,{closure#0}<dsi_bitstream::traits::endianness::BigEndian, dsi_bitstream::backends::buffered_bit_stream_reader::BufferedBitStreamRead<dsi_bitstream::traits::endianness::BigEndian, u64, dsi_bitstream::backends::word_stream::MemWordReadInfinite<u32, webgraph::utils::MmapBackend<u32>>, dsi_bitstream::backends::codes_params::DefaultReadParams>>
FN:27,{closure#0}<dsi_bitstream::traits::endianness::BigEndian, dsi_bitstream::backends::buffered_bit_stream_reader::BufferedBitStreamRead<dsi_bitstream::traits::endianness::BigEndian, u64, dsi_bitstream::backends::word_stream::MemWordReadInfinite<u32, webgraph::utils::MmapBackend<u32>>, dsi_bitstream::backends::codes_params::DefaultReadParams>>
FN:28,{closure#0}<dsi_bitstream::traits::endianness::BigEndian, dsi_bitstream::backends::buffered_bit_stream_reader::BufferedBitStreamRead<dsi_bitstream::traits::endianness::BigEndian, u64, dsi_bitstream::backends::word_stream::MemWordReadInfinite<u32, webgraph::utils::MmapBackend<u32>>, dsi_bitstream::backends::codes_params::DefaultReadParams>>
FN:29,{closure#0}<dsi_bitstream::traits::endianness::BigEndian, dsi_bitstream::backends::buffered_bit_stream_reader::BufferedBitStreamRead<dsi_bitstream::traits::endianness::BigEndian, u64, dsi_bitstream::backends::word_stream::MemWordReadInfinite<u32, webgraph::utils::MmapBackend<u32>>, dsi_bitstream::backends::codes_params::DefaultReadParams>>
FN:30,{closure#0}<dsi_bitstream::traits::endianness::BigEndian, dsi_bitstream::backends::buffered_bit_stream_reader::BufferedBitStreamRead<dsi_bitstream::traits::endianness::BigEndian, u64, dsi_bitstream::backends::word_stream::MemWordReadInfinite<u32, webgraph::utils::MmapBackend<u32>>, dsi_bitstream::backends::codes_params::DefaultReadParams>>
FN:76,get_pos<dsi_bitstream::traits::endianness::BigEndian, dsi_bitstream::backends::buffered_bit_stream_reader::BufferedBitStreamRead<dsi_bitstream::traits::endianness::BigEndian, u64, dsi_bitstream::backends::word_stream::MemWordReadInfinite<u32, &[u32]>, dsi_bitstream::backends::codes_params::DefaultReadParams>>
FN:393,mock<dsi_bitstream::traits::endianness::BigEndian, dsi_bitstream::backends::buffered_bit_stream_writer::BufferedBitStreamWrite<dsi_bitstream::traits::endianness::BigEndian, dsi_bitstream::backends::word_stream::MemWordWriteVec<u64, &mut alloc::vec::Vec<u64, alloc::alloc::Global>>, dsi_bitstream::backends::codes_params::DefaultWriteParams>>
FN:404,{closure#0}<dsi_bitstream::traits::endianness::BigEndian, dsi_bitstream::backends::buffered_bit_stream_writer::BufferedBitStreamWrite<dsi_bitstream::traits::endianness::BigEndian, dsi_bitstream::backends::word_stream::MemWordWriteVec<u64, &mut alloc::vec::Vec<u64, alloc::alloc::Global>>, dsi_bitstream::backends::codes_params::DefaultWriteParams>>
FN:464,flush<dsi_bitstream::traits::endianness::BigEndian, dsi_bitstream::backends::buffered_bit_stream_writer::BufferedBitStreamWrite<dsi_bitstream::traits::endianness::BigEndian, dsi_bitstream::backends::word_stream::MemWordWriteVec<u64, &mut alloc::vec::Vec<u64, alloc::alloc::Global>>, dsi_bitstream::backends::codes_params::DefaultWriteParams>>
FN:490,{closure#0}
FN:515,mock
FN:560,flush
FN:561,flush
FNF:17
FNDA:0,{closure#0}<dsi_bitstream::traits::endianness::BigEndian, dsi_bitstream::backends::buffered_bit_stream_reader::BufferedBitStreamRead<dsi_bitstream::traits::endianness::BigEndian, u64, dsi_bitstream::backends::word_stream::MemWordReadInfinite<u32, webgraph::utils::MmapBackend<u32>>, dsi_bitstream::backends::codes_params::DefaultReadParams>>
FNDA:0,{closure#0}<dsi_bitstream::traits::endianness::BigEndian, dsi_bitstream::backends::buffered_bit_stream_reader::BufferedBitStreamRead<dsi_bitstream::traits::endianness::BigEndian, u64, dsi_bitstream::backends::word_stream::MemWordReadInfinite<u32, webgraph::utils::MmapBackend<u32>>, dsi_bitstream::backends::codes_params::DefaultReadParams>>
FNDA:0,{closure#0}<dsi_bitstream::traits::endianness::BigEndian, dsi_bitstream::backends::buffered_bit_stream_reader::BufferedBitStreamRead<dsi_bitstream::traits::endianness::BigEndian, u64, dsi_bitstream::backends::word_stream::MemWordReadInfinite<u32, webgraph::utils::MmapBackend<u32>>, dsi_bitstream::backends::codes_params::DefaultReadParams>>
FNDA:0,{closure#0}<dsi_bitstream::traits::endianness::BigEndian, dsi_bitstream::backends::buffered_bit_stream_reader::BufferedBitStreamRead<dsi_bitstream::traits::endianness::BigEndian, u64, dsi_bitstream::backends::word_stream::MemWordReadInfinite<u32, webgraph::utils::MmapBackend<u32>>, dsi_bitstream::backends::codes_params::DefaultReadParams>>
FNDA:0,{closure#0}<dsi_bitstream::traits::endianness::BigEndian, dsi_bitstream::backends::buffered_bit_stream_reader::BufferedBitStreamRead<dsi_bitstream::traits::endianness::BigEndian, u64, dsi_bitstream::backends::word_stream::MemWordReadInfinite<u32, webgraph::utils::MmapBackend<u32>>, dsi_bitstream::backends::codes_params::DefaultReadParams>>
FNDA:0,{closure#0}<dsi_bitstream::traits::endianness::BigEndian, dsi_bitstream::backends::buffered_bit_stream_reader::BufferedBitStreamRead<dsi_bitstream::traits::endianness::BigEndian, u64, dsi_bitstream::backends::word_stream::MemWordReadInfinite<u32, webgraph::utils::MmapBackend<u32>>, dsi_bitstream::backends::codes_params::DefaultReadParams>>
FNDA:0,{closure#0}<dsi_bitstream::traits::endianness::BigEndian, dsi_bitstream::backends::buffered_bit_stream_reader::BufferedBitStreamRead<dsi_bitstream::traits::endianness::BigEndian, u64, dsi_bitstream::backends::word_stream::MemWordReadInfinite<u32, webgraph::utils::MmapBackend<u32>>, dsi_bitstream::backends::codes_params::DefaultReadParams>>
FNDA:0,{closure#0}<dsi_bitstream::traits::endianness::BigEndian, dsi_bitstream::backends::buffered_bit_stream_reader::BufferedBitStreamRead<dsi_bitstream::traits::endianness::BigEndian, u64, dsi_bitstream::backends::word_stream::MemWordReadInfinite<u32, webgraph::utils::MmapBackend<u32>>, dsi_bitstream::backends::codes_params::DefaultReadParams>>
FNDA:0,{closure#0}<dsi_bitstream::traits::endianness::BigEndian, dsi_bitstream::backends::buffered_bit_stream_reader::BufferedBitStreamRead<dsi_bitstream::traits::endianness::BigEndian, u64, dsi_bitstream::backends::word_stream::MemWordReadInfinite<u32, webgraph::utils::MmapBackend<u32>>, dsi_bitstream::backends::codes_params::DefaultReadParams>>
FNDA:1,get_pos<dsi_bitstream::traits::endianness::BigEndian, dsi_bitstream::backends::buffered_bit_stream_reader::BufferedBitStreamRead<dsi_bitstream::traits::endianness::BigEndian, u64, dsi_bitstream::backends::word_stream::MemWordReadInfinite<u32, &[u32]>, dsi_bitstream::backends::codes_params::DefaultReadParams>>
FNDA:1,mock<dsi_bitstream::traits::endianness::BigEndian, dsi_bitstream::backends::buffered_bit_stream_writer::BufferedBitStreamWrite<dsi_bitstream::traits::endianness::BigEndian, dsi_bitstream::backends::word_stream::MemWordWriteVec<u64, &mut alloc::vec::Vec<u64, alloc::alloc::Global>>, dsi_bitstream::backends::codes_params::DefaultWriteParams>>
FNDA:14,{closure#0}<dsi_bitstream::traits::endianness::BigEndian, dsi_bitstream::backends::buffered_bit_stream_writer::BufferedBitStreamWrite<dsi_bitstream::traits::endianness::BigEndian, dsi_bitstream::backends::word_stream::MemWordWriteVec<u64, &mut alloc::vec::Vec<u64, alloc::alloc::Global>>, dsi_bitstream::backends::codes_params::DefaultWriteParams>>
FNDA:1,flush<dsi_bitstream::traits::endianness::BigEndian, dsi_bitstream::backends::buffered_bit_stream_writer::BufferedBitStreamWrite<dsi_bitstream::traits::endianness::BigEndian, dsi_bitstream::backends::word_stream::MemWordWriteVec<u64, &mut alloc::vec::Vec<u64, alloc::alloc::Global>>, dsi_bitstream::backends::codes_params::DefaultWriteParams>>
FNDA:0,{closure#0}
FNDA:0,mock
FNDA:0,flush
FNDA:0,flush
DA:22,0
DA:23,0
DA:24,0
DA:25,0
DA:26,0
DA:27,0
DA:28,0
DA:29,0
DA:30,0
DA:33,0
DA:34,0
DA:35,0
DA:36,0
DA:37,0
DA:38,0
DA:39,0
DA:40,0
DA:41,0
DA:42,0
DA:43,0
DA:44,0
DA:45,0
DA:46,0
DA:47,0
DA:48,0
DA:49,0
DA:55,0
DA:56,0
DA:57,0
DA:58,0
DA:59,0
DA:60,0
DA:61,0
DA:62,0
DA:63,0
DA:64,0
DA:65,0
DA:66,0
DA:72,0
DA:73,0
DA:76,1
DA:77,1
DA:83,0
DA:84,11
DA:88,0
DA:89,10
DA:93,0
DA:94,8
DA:97,0
DA:98,10
DA:102,0
DA:103,10
DA:106,0
DA:107,10
DA:110,0
DA:111,10
DA:115,0
DA:116,10
DA:119,0
DA:120,10
DA:175,0
DA:176,0
DA:177,0
DA:178,0
DA:179,0
DA:180,0
DA:181,0
DA:182,0
DA:183,0
DA:184,0
DA:185,0
DA:186,0
DA:187,0
DA:188,0
DA:189,0
DA:190,0
DA:191,0
DA:196,0
DA:197,0
DA:198,0
DA:199,0
DA:200,0
DA:201,0
DA:202,0
DA:203,0
DA:204,0
DA:205,0
DA:206,0
DA:207,0
DA:208,0
DA:209,0
DA:210,0
DA:211,0
DA:217,0
DA:218,0
DA:219,0
DA:220,0
DA:221,0
DA:222,0
DA:223,0
DA:224,0
DA:225,0
DA:226,0
DA:227,0
DA:228,0
DA:229,0
DA:230,0
DA:231,0
DA:232,0
DA:233,0
DA:234,0
DA:235,0
DA:236,0
DA:237,0
DA:243,0
DA:244,0
DA:247,0
DA:248,0
DA:254,0
DA:255,0
DA:259,0
DA:260,0
DA:264,0
DA:265,0
DA:268,0
DA:269,0
DA:273,0
DA:274,0
DA:277,0
DA:278,0
DA:281,0
DA:282,0
DA:286,0
DA:287,0
DA:290,0
DA:291,0
DA:297,0
DA:298,0
DA:302,0
DA:303,0
DA:307,0
DA:308,0
DA:311,0
DA:312,0
DA:316,0
DA:317,0
DA:320,0
DA:321,0
DA:324,0
DA:325,0
DA:329,0
DA:330,0
DA:333,0
DA:334,0
DA:354,1
DA:355,2
DA:356,1
DA:357,1
DA:358,1
DA:359,1
DA:360,0
DA:364,1
DA:367,1
DA:368,1
DA:369,1
DA:370,1
DA:371,1
DA:372,1
DA:373,1
DA:374,1
DA:375,1
DA:376,1
DA:382,0
DA:383,0
DA:386,0
DA:387,0
DA:393,1
DA:394,0
DA:395,0
DA:396,0
DA:397,0
DA:398,0
DA:399,0
DA:400,0
DA:401,0
DA:402,0
DA:403,0
DA:404,14
DA:406,0
DA:411,1
DA:412,1
DA:413,1
DA:414,1
DA:415,1
DA:416,1
DA:417,1
DA:418,1
DA:419,1
DA:424,0
DA:425,1
DA:429,0
DA:430,1
DA:434,0
DA:435,2
DA:438,0
DA:439,0
DA:443,0
DA:444,1
DA:447,0
DA:448,0
DA:451,0
DA:452,0
DA:456,0
DA:457,1
DA:460,0
DA:461,1
DA:464,1
DA:465,1
DA:485,0
DA:486,0
DA:487,0
DA:488,0
DA:489,0
DA:490,0
DA:491,0
DA:498,0
DA:500,0
DA:501,0
DA:502,0
DA:503,0
DA:504,0
DA:505,0
DA:506,0
DA:507,0
DA:508,0
DA:515,0
DA:516,0
DA:520,0
DA:521,1
DA:525,0
DA:526,1
DA:530,0
DA:531,1
DA:534,0
DA:535,1
DA:539,0
DA:540,1
DA:543,0
DA:544,0
DA:547,0
DA:548,0
DA:552,0
DA:553,1
DA:556,0
DA:557,2
DA:560,0
DA:561,0
LF:257
LH:54
end_of_record
TN:
SF:/home/zommiommy/Github/webgraph-rs/src/bvgraph/load.rs
FN:13,load
FN:57,load_seq
FNF:2
FNDA:1,load
FNDA:4,load_seq
DA:13,1
DA:16,2
DA:17,2
DA:19,2
DA:20,2
DA:21,2
DA:22,2
DA:24,2
DA:26,1
DA:27,2
DA:28,1
DA:29,1
DA:31,1
DA:32,4
DA:33,2
DA:34,1
DA:35,0
DA:38,1
DA:39,1
DA:44,2
DA:46,2
DA:47,1
DA:48,1
DA:57,4
DA:60,8
DA:61,8
DA:63,8
DA:64,8
DA:65,8
DA:66,8
DA:68,8
DA:70,4
DA:71,8
DA:72,4
DA:73,4
DA:75,4
DA:76,16
DA:77,8
DA:78,4
DA:79,0
DA:83,8
DA:85,4
DA:86,4
DA:90,4
DA:93,4
LF:45
LH:43
end_of_record
TN:
SF:/home/zommiommy/Github/webgraph-rs/src/bvgraph/masked_iterator.rs
FN:55,next<webgraph::bvgraph::bvgraph::RandomSuccessorIter<webgraph::bvgraph::dyn_bv_code_readers::DynamicCodesReader<dsi_bitstream::traits::endianness::BigEndian, dsi_bitstream::backends::buffered_bit_stream_reader::BufferedBitStreamRead<dsi_bitstream::traits::endianness::BigEndian, u64, dsi_bitstream::backends::word_stream::MemWordReadInfinite<u32, &[u32]>, dsi_bitstream::backends::codes_params::DefaultReadParams>>>>
FNF:1
FNDA:3,next<webgraph::bvgraph::bvgraph::RandomSuccessorIter<webgraph::bvgraph::dyn_bv_code_readers::DynamicCodesReader<dsi_bitstream::traits::endianness::BigEndian, dsi_bitstream::backends::buffered_bit_stream_reader::BufferedBitStreamRead<dsi_bitstream::traits::endianness::BigEndian, u64, dsi_bitstream::backends::word_stream::MemWordReadInfinite<u32, &[u32]>, dsi_bitstream::backends::codes_params::DefaultReadParams>>>>
DA:15,0
DA:16,4
DA:21,3
DA:23,4
DA:25,3
DA:27,9
DA:29,4
DA:30,4
DA:34,3
DA:38,4
DA:39,3
DA:40,7
DA:44,4
DA:55,3
DA:56,6
DA:57,3
DA:59,3
DA:61,6
DA:64,3
DA:65,3
DA:68,4
DA:69,4
DA:74,2
DA:75,4
DA:77,4
DA:78,2
DA:79,4
DA:82,3
DA:83,6
DA:84,3
LF:30
LH:29
end_of_record
TN:
SF:/home/zommiommy/Github/webgraph-rs/src/bvgraph/reader_degrees.rs
FNF:0
DA:19,0
DA:20,0
DA:28,0
DA:29,0
DA:30,0
DA:32,0
DA:33,0
DA:38,0
DA:46,0
DA:54,0
DA:55,0
DA:59,0
DA:60,0
DA:62,0
DA:63,0
DA:64,0
DA:65,0
DA:68,0
DA:71,0
DA:72,0
DA:74,0
DA:77,0
DA:79,0
DA:81,0
DA:83,0
DA:86,0
DA:87,0
DA:92,0
DA:93,0
DA:96,0
DA:97,0
DA:98,0
DA:99,0
DA:100,0
DA:102,0
DA:104,0
DA:105,0
DA:111,0
DA:113,0
DA:114,0
DA:117,0
DA:119,0
DA:120,0
DA:121,0
DA:123,0
DA:125,0
DA:127,0
DA:129,0
DA:130,0
DA:131,0
DA:133,0
DA:139,0
DA:142,0
DA:144,0
DA:147,0
DA:148,0
DA:149,0
DA:151,0
DA:152,0
DA:156,0
DA:157,0
DA:158,0
LF:62
LH:0
end_of_record
TN:
SF:/home/zommiommy/Github/webgraph-rs/src/bvgraph/vec_graph.rs
FN:16,default
FN:32,{closure#0}
FN:93,{closure#0}
FN:99,num_nodes
FN:107,num_arcs
FN:111,outdegree
FN:115,successors
FNF:7
FNDA:0,default
FNDA:3,{closure#0}
FNDA:3,{closure#0}
FNDA:2,num_nodes
FNDA:2,num_arcs
FNDA:2,outdegree
FNDA:3,successors
DA:16,0
DA:17,0
DA:22,3
DA:25,3
DA:29,1
DA:32,3
DA:36,3
DA:37,3
DA:38,9
DA:39,3
DA:41,3
DA:44,2
DA:47,2
DA:48,2
DA:49,2
DA:53,1
DA:54,2
DA:55,1
DA:60,2
DA:64,7
DA:65,2
DA:66,2
DA:67,4
DA:70,2
DA:73,3
DA:74,3
DA:75,3
DA:77,3
DA:78,6
DA:82,0
DA:83,0
DA:84,0
DA:86,0
DA:87,0
DA:88,0
DA:91,1
DA:92,1
DA:93,3
DA:94,1
DA:99,2
DA:100,2
DA:107,2
DA:108,2
DA:111,2
DA:112,2
DA:115,3
DA:116,3
LF:47
LH:39
end_of_record
TN:
SF:/home/zommiommy/Github/webgraph-rs/src/fuzz/bvcomp_and_read.rs
FN:14,from
FN:37,from
FN:57,harness
FN:63,{closure#0}
FNF:4
FNDA:1,from
FNDA:1,from
FNDA:1,harness
FNDA:2,{closure#0}
DA:14,1
DA:15,1
DA:16,1
DA:17,1
DA:18,1
DA:37,1
DA:39,1
DA:40,1
DA:41,1
DA:42,1
DA:43,1
DA:44,1
DA:45,1
DA:46,1
DA:57,1
DA:58,1
DA:60,1
DA:63,2
DA:65,2
DA:68,1
DA:70,2
DA:72,1
DA:74,1
DA:75,1
DA:76,1
DA:77,1
DA:79,2
DA:80,1
DA:101,1
DA:102,2
DA:112,1
DA:119,1
DA:120,2
DA:122,2
DA:123,1
DA:124,1
DA:128,1
DA:129,1
DA:130,1
DA:131,1
DA:132,1
DA:142,1
DA:145,1
DA:148,3
DA:149,2
DA:150,2
DA:152,1
DA:156,2
DA:157,1
DA:158,1
DA:161,2
DA:164,2
DA:165,3
DA:166,2
DA:170,2
DA:177,1
DA:178,1
DA:179,1
DA:180,1
DA:181,1
DA:182,1
DA:194,2
DA:197,2
DA:200,3
DA:201,2
DA:204,2
DA:205,2
DA:208,2
LF:68
LH:68
end_of_record
TN:
SF:/home/zommiommy/Github/webgraph-rs/src/lib.rs
FN:19,fmt
FNF:1
FNDA:0,fmt
DA:6,0
DA:15,0
DA:17,0
DA:18,0
DA:19,0
DA:20,0
DA:21,0
DA:23,0
DA:24,0
DA:25,0
DA:41,2
LF:11
LH:1
end_of_record
TN:
SF:/home/zommiommy/Github/webgraph-rs/src/traits/graph.rs
FN:9,next<webgraph::bvgraph::vec_graph::VecGraph>
FN:12,{closure#0}<webgraph::bvgraph::vec_graph::VecGraph>
FN:34,iter_nodes<webgraph::bvgraph::vec_graph::VecGraph>
FN:94,has_arc<webgraph::bvgraph::vec_graph::VecGraph>
FNF:4
FNDA:2,next<webgraph::bvgraph::vec_graph::VecGraph>
FNDA:6,{closure#0}<webgraph::bvgraph::vec_graph::VecGraph>
FNDA:3,iter_nodes<webgraph::bvgraph::vec_graph::VecGraph>
FNDA:0,has_arc<webgraph::bvgraph::vec_graph::VecGraph>
DA:9,2
DA:10,4
DA:12,6
DA:30,1
DA:31,1
DA:34,3
DA:37,3
DA:57,0
DA:58,0
DA:89,0
DA:90,0
DA:94,0
DA:95,0
DA:97,0
DA:98,0
DA:101,0
DA:102,0
DA:105,0
LF:18
LH:7
end_of_record
TN:
SF:/home/zommiommy/Github/webgraph-rs/src/utils/mod.rs
FN:6,int2nat
FN:21,nat2int
FNF:2
FNDA:2,int2nat
FNDA:7,nat2int
DA:6,2
DA:7,2
DA:21,7
DA:22,14
DA:46,5
DA:48,10
DA:50,5
DA:56,5
DA:57,5
LF:9
LH:9
end_of_record
TN:
SF:/home/zommiommy/Github/webgraph-rs/src/utils/mph.rs
FN:112,count_nonzero_pairs
FNF:1
FNDA:1,count_nonzero_pairs
DA:33,1
DA:34,2
DA:38,1
DA:39,0
DA:40,0
DA:41,0
DA:42,0
DA:43,0
DA:44,0
DA:48,0
DA:49,0
DA:51,0
DA:52,0
DA:53,0
DA:55,0
DA:57,0
DA:58,0
DA:59,0
DA:63,2
DA:64,1
DA:65,1
DA:66,1
DA:67,2
DA:69,1
DA:70,0
DA:71,0
DA:72,0
DA:73,1
DA:74,1
DA:78,1
DA:79,1
DA:82,1
DA:83,1
DA:84,1
DA:85,1
DA:86,1
DA:87,3
DA:89,1
DA:90,4
DA:91,1
DA:92,1
DA:96,2
DA:97,1
DA:99,1
DA:106,0
DA:107,4
DA:112,1
DA:113,1
DA:114,1
DA:115,1
DA:116,1
DA:118,1
DA:119,1
DA:120,2
DA:124,1
DA:125,2
DA:126,2
DA:127,2
DA:129,2
DA:130,3
DA:131,2
DA:133,2
DA:134,2
DA:135,1
DA:137,1
DA:145,0
DA:146,0
DA:147,1
DA:148,1
DA:150,2
DA:151,2
DA:152,2
DA:158,0
DA:159,2
DA:164,0
DA:165,3
DA:166,6
LF:77
LH:54
end_of_record
TN:
SF:/home/zommiommy/Github/webgraph-rs/src/utils/permuted_graph.rs
FN:122,num_nodes
FN:131,num_arcs_hint
FN:135,iter_nodes
FN:158,next
FN:186,next
FNF:5
FNDA:0,num_nodes
FNDA:0,num_arcs_hint
FNDA:1,iter_nodes
FNDA:1,next
FNDA:1,next
DA:10,1
DA:11,1
DA:23,1
DA:24,1
DA:27,1
DA:29,1
DA:30,1
DA:44,1
DA:45,3
DA:47,1
DA:48,1
DA:49,1
DA:50,1
DA:64,1
DA:65,3
DA:72,0
DA:73,0
DA:84,1
DA:85,1
DA:87,1
DA:91,1
DA:92,1
DA:95,1
DA:99,3
DA:100,2
DA:101,2
DA:104,1
DA:107,1
DA:108,2
DA:109,1
DA:110,1
DA:111,1
DA:122,0
DA:123,0
DA:131,0
DA:132,0
DA:135,1
DA:136,1
DA:139,1
DA:141,1
DA:142,1
DA:158,1
DA:159,2
DA:160,1
DA:161,1
DA:164,1
DA:165,0
DA:168,1
DA:169,1
DA:170,1
DA:171,0
DA:172,1
DA:173,0
DA:186,1
DA:187,1
DA:188,1
DA:189,1
DA:191,0
DA:193,1
DA:194,1
DA:195,1
DA:196,1
DA:197,1
LF:63
LH:53
end_of_record
TN:
SF:/home/zommiommy/Github/webgraph-rs/src/utils/sort_pairs.rs
FN:28,{closure#0}<()>
FN:118,next
FN:136,drop<()>
FNF:3
FNDA:6,{closure#0}<()>
FNDA:1,next
FNDA:2,drop<()>
DA:17,2
DA:18,2
DA:19,0
DA:20,0
DA:21,2
DA:22,4
DA:23,0
DA:27,2
DA:28,6
DA:29,4
DA:30,4
DA:31,4
DA:33,2
DA:34,8
DA:35,2
DA:36,4
DA:38,2
DA:40,2
DA:41,2
DA:43,2
DA:45,2
DA:46,4
DA:47,6
DA:48,2
DA:49,2
DA:52,2
DA:53,2
DA:55,2
DA:58,2
DA:59,2
DA:60,2
DA:61,4
DA:63,2
DA:66,2
DA:67,2
DA:68,2
DA:71,2
DA:72,2
DA:73,6
DA:74,6
DA:75,4
DA:76,2
DA:77,2
DA:78,4
DA:79,2
DA:81,2
DA:83,2
DA:84,0
DA:85,0
DA:86,0
DA:91,2
DA:103,0
DA:104,0
DA:118,1
DA:119,1
DA:120,1
DA:122,3
DA:123,2
DA:125,1
DA:127,3
DA:128,1
DA:129,1
DA:130,2
DA:131,1
DA:136,2
DA:137,4
DA:138,6
DA:140,2
LF:68
LH:60
end_of_record
TN:
SF:/home/zommiommy/Github/webgraph-rs/src/utils/spooky.rs
FN:137,spooky_short
FNF:1
FNDA:1,spooky_short
DA:33,0
DA:34,6
DA:35,6
DA:36,3
DA:37,6
DA:38,6
DA:39,3
DA:40,6
DA:41,6
DA:42,3
DA:43,6
DA:44,6
DA:45,3
DA:46,6
DA:47,6
DA:48,3
DA:49,6
DA:50,6
DA:51,3
DA:52,6
DA:53,6
DA:54,3
DA:55,6
DA:56,6
DA:57,3
DA:58,6
DA:59,6
DA:60,3
DA:61,6
DA:62,6
DA:63,3
DA:64,6
DA:65,6
DA:66,3
DA:67,6
DA:68,6
DA:69,3
DA:70,3
DA:87,0
DA:88,1
DA:89,2
DA:90,2
DA:91,1
DA:92,2
DA:93,2
DA:94,1
DA:95,2
DA:96,2
DA:97,1
DA:98,2
DA:99,2
DA:100,1
DA:101,2
DA:102,2
DA:103,1
DA:104,2
DA:105,2
DA:106,1
DA:107,2
DA:108,2
DA:109,1
DA:110,2
DA:111,2
DA:112,1
DA:113,2
DA:114,2
DA:115,1
DA:116,2
DA:117,2
DA:118,1
DA:119,2
DA:120,2
DA:121,1
DA:126,0
DA:127,1
DA:128,0
DA:129,1
DA:130,1
DA:131,0
DA:137,1
DA:138,1
DA:140,1
DA:141,1
DA:143,3
DA:145,2
DA:146,2
DA:147,2
DA:148,2
DA:149,2
DA:153,2
DA:154,2
DA:155,2
DA:156,2
DA:157,1
DA:163,2
DA:164,2
DA:165,2
DA:167,1
DA:168,1
DA:169,2
DA:170,2
DA:173,2
DA:174,1
LF:103
LH:98
end_of_record
TN:
SF:/home/zommiommy/Github/webgraph-rs/unary_tables.rs
FNF:0
DA:18,0
DA:19,0
DA:20,0
DA:21,0
DA:22,0
DA:23,0
DA:24,0
DA:27,0
DA:37,0
DA:38,0
DA:39,0
DA:40,0
DA:41,0
DA:42,0
DA:43,0
DA:46,0
LF:16
LH:0
end_of_record
TN:
SF:/home/zommiommy/Github/webgraph-rs/zeta_tables.rs
FNF:0
DA:18,0
DA:19,0
DA:20,0
DA:21,0
DA:22,0
DA:23,0
DA:24,0
DA:27,0
DA:37,0
DA:38,0
DA:39,0
DA:40,0
DA:41,0
DA:42,0
DA:43,0
DA:46,0
LF:16
LH:0
end_of_record
